[2014-07-29 21:31:32] START
[2014-07-29 21:36:15] EDIT Pulse/views/default/index.html: -18
[2014-07-29 21:36:47] EDIT Pulse/views/default/index.html: -13
[2014-07-29 21:36:57] EDIT Pulse/controllers/default.py: -42
[2014-07-29 21:37:50] EDIT Pulse/views/default/index.html: 14
[2014-07-29 21:38:06] CREATE default/pulser.html: 0
[2014-07-29 21:39:30] EDIT Pulse/views/default/pulser.html: 11
[2014-07-29 21:41:07] EDIT Pulse/views/default/index.html: 0
[2014-07-29 21:41:24] EDIT Pulse/views/default/index.html: 0
[2014-07-29 21:46:35] EDIT Pulse/controllers/default.py: 4
[2014-07-29 21:48:40] EDIT Pulse/views/default/pulser.html: 8
[2014-07-29 21:51:48] EDIT Pulse/views/layout.html: -128
[2014-07-29 22:59:01] EDIT Pulse/controllers/default.py: 0
[2014-07-29 22:59:31] EDIT Pulse/controllers/default.py: 0
[2014-07-29 23:01:29] EDIT Pulse/controllers/default.py: 0
[2014-07-29 23:03:35] EDIT Pulse/views/layout.html: 0
[2014-07-29 23:07:02] CREATE test/index.html: 0
[2014-07-29 23:08:30] EDIT Pulse/views/test/index.html: 8
[2014-07-29 23:08:49] EDIT Pulse/views/test/index.html: 0
[2014-07-29 23:09:45] CREATE test/index.html.py: 0
[2014-07-29 23:10:28] EDIT Pulse/controllers/test/index.html.py: 2
[2014-07-29 23:11:18] CREATE test/index.py: 0
[2014-07-29 23:11:21] EDIT Pulse/controllers/test/index.py: 2
[2014-07-29 23:12:55] CREATE test.py: 0
[2014-07-29 23:13:00] EDIT Pulse/controllers/test.py: 2
[2014-07-29 23:20:34] EDIT Pulse/views/test/index.html: -1
[2014-07-29 23:22:19] EDIT Pulse/views/layout.html: 11
[2014-07-29 23:22:47] EDIT Pulse/views/test/index.html: 1
[2014-07-30 11:37:32] DELETE Pulse/controllers/test/index.py: -3
[2014-07-30 11:37:44] DELETE Pulse/controllers/test/index.html.py: -3
[2014-07-30 11:39:53] EDIT Pulse/views/default/index.html: -4
[2014-07-30 11:41:50] EDIT Pulse/controllers/default.py: -3
[2014-07-30 11:42:46] EDIT Pulse/views/default/index.html: 0
[2014-07-30 11:42:58] EDIT Pulse/controllers/default.py: 0
[2014-07-30 11:46:08] EDIT Pulse/controllers/default.py: 0
[2014-07-30 11:46:31] EDIT Pulse/views/default/index.html: 0
[2014-07-30 11:48:40] EDIT Pulse/controllers/default.py: 0
[2014-07-30 12:04:27] EDIT Pulse/controllers/default.py: 7
[2014-07-30 12:06:18] EDIT Pulse/views/default/index.html: 2
[2014-07-30 12:07:26] EDIT Pulse/views/default/index.html: 0
[2014-07-30 12:09:00] EDIT Pulse/controllers/default.py: 0
[2014-07-30 12:17:34] EDIT Pulse/controllers/default.py: 39
[2014-07-30 12:17:44] EDIT Pulse/controllers/default.py: 0
[2014-07-30 12:17:47] EDIT Pulse/controllers/default.py: 0
[2014-07-30 12:18:30] EDIT Pulse/controllers/default.py: 0
[2014-07-30 12:40:00] EDIT Pulse/controllers/default.py: 1
[2014-07-30 12:41:15] EDIT Pulse/controllers/default.py: 1
[2014-07-30 12:41:45] EDIT Pulse/controllers/default.py: -1
[2014-07-30 15:09:01] EDIT Pulse/views/layout.html: 0
[2014-07-30 15:15:56] EDIT Pulse/views/default/index.html: 4
[2014-07-30 15:16:59] EDIT Pulse/views/default/index.html: -2
[2014-07-30 15:18:21] EDIT Pulse/views/layout.html: 1
[2014-07-30 15:20:40] EDIT Pulse/controllers/default.py: 0
[2014-07-30 15:22:59] EDIT Pulse/views/default/index.html: 0
