[2014-07-30 15:33:25] START
[2014-07-30 15:37:03] EDIT movie_suggest/controllers/default.py: -41
[2014-07-30 15:39:14] EDIT movie_suggest/views/default/index.html: -21
[2014-07-30 15:39:20] EDIT movie_suggest/views/default/index.html: 0
[2014-07-30 15:48:19] EDIT movie_suggest/views/layout.html: -115
[2014-07-30 15:48:30] EDIT movie_suggest/views/layout.html: 0
[2014-07-30 15:48:38] EDIT movie_suggest/views/default/index.html: 0
[2014-07-30 15:52:23] EDIT movie_suggest/controllers/default.py: 0
[2014-07-30 15:55:57] EDIT movie_suggest/controllers/default.py: 12
[2014-07-30 15:57:43] EDIT movie_suggest/controllers/default.py: 0
[2014-07-30 15:59:46] EDIT movie_suggest/views/default/index.html: 11
[2014-07-30 16:00:32] EDIT movie_suggest/controllers/default.py: 0
[2014-07-30 16:05:03] EDIT movie_suggest/views/default/index.html: 1
[2014-07-30 16:22:05] EDIT movie_suggest/controllers/default.py: 1
[2014-07-30 16:32:57] EDIT movie_suggest/controllers/default.py: 0
[2014-07-30 16:44:39] EDIT movie_suggest/views/default/index.html: 2
[2014-07-30 16:47:30] EDIT movie_suggest/controllers/default.py: 0
[2014-07-30 16:47:42] EDIT movie_suggest/views/default/index.html: -2
[2014-07-30 17:04:02] EDIT movie_suggest/controllers/default.py: 1
[2014-07-30 17:04:02] EDIT movie_suggest/controllers/default.py: 0
[2014-07-30 17:04:38] EDIT movie_suggest/controllers/default.py: -1
[2014-07-30 17:04:47] EDIT movie_suggest/controllers/default.py: 0
[2014-07-30 17:05:20] EDIT movie_suggest/controllers/default.py: 0
[2014-07-30 17:08:27] EDIT movie_suggest/controllers/default.py: 2
[2014-07-30 17:14:05] EDIT movie_suggest/controllers/default.py: 0
[2014-07-30 17:15:24] EDIT movie_suggest/controllers/default.py: 0
[2014-07-30 17:16:28] EDIT movie_suggest/controllers/default.py: 1
[2014-07-30 17:17:04] EDIT movie_suggest/controllers/default.py: 0
[2014-07-30 17:17:54] EDIT movie_suggest/controllers/default.py: 1
[2014-07-30 17:18:38] EDIT movie_suggest/controllers/default.py: 0
[2014-07-30 17:19:20] EDIT movie_suggest/controllers/default.py: 0
[2014-07-30 17:19:24] EDIT movie_suggest/controllers/default.py: 0
[2014-07-30 17:21:26] EDIT movie_suggest/controllers/default.py: 0
[2014-07-30 17:21:35] EDIT movie_suggest/controllers/default.py: 0
[2014-07-30 17:21:39] EDIT movie_suggest/controllers/default.py: 0
[2014-07-30 17:22:14] EDIT movie_suggest/controllers/default.py: 0
[2014-07-30 17:24:49] EDIT movie_suggest/controllers/default.py: 0
[2014-07-30 17:33:56] EDIT movie_suggest/controllers/default.py: 0
[2014-07-30 17:35:27] EDIT movie_suggest/controllers/default.py: 0
